<?xml version="1.0" encoding="UTF-8"?>
<!-- Generated by org.testng.reporters.JUnitXMLReporter -->
<testsuite ignored="0" hostname="LAPTOP-S60HSV3C" failures="0" tests="10" name="Default test" time="247.347" errors="0" timestamp="2022-01-21T15:34:52 IST">
  <testcase classname="runner.WebApp" name="HomePage" time="0.979"/>
  <testcase classname="runner.WebApp" name="SignUp" time="2.37"/>
  <testcase classname="runner.WebApp" name="HomepageLogin" time="1.62"/>
  <testcase classname="runner.WebApp" name="AboutPage" time="3.177"/>
  <testcase classname="runner.WebApp" name="ContactPage" time="4.997"/>
  <testcase classname="runner.WebApp" name="OnewayPage" time="12.702"/>
  <testcase classname="runner.WebApp" name="LocalPage" time="16.132"/>
  <testcase classname="runner.WebApp" name="OutstationPage" time="48.431"/>
  <testcase classname="runner.WebApp" name="AirportPage" time="19.932"/>
  <testcase classname="runner.WebApp" name="CorporatePage" time="10.054"/>
</testsuite> <!-- Default test -->
